<?xml version="1.0" encoding="UTF-8"?>
<testng-results skipped="0" failed="0" total="1" passed="1">
  <reporter-output>
  </reporter-output>
  <suite name="Default suite" duration-ms="33648" started-at="2023-10-12T11:14:48Z" finished-at="2023-10-12T11:15:21Z">
    <groups>
    </groups>
    <test name="Default test" duration-ms="33648" started-at="2023-10-12T11:14:48Z" finished-at="2023-10-12T11:15:21Z">
      <class name="org.textboxsuggestion.Flipkart">
        <test-method status="PASS" signature="before()[pri:0, instance:org.textboxsuggestion.Flipkart@2c6a3f77]" name="before" is-config="true" duration-ms="25484" started-at="2023-10-12T16:44:48Z" finished-at="2023-10-12T16:45:13Z">
          <reporter-output>
          </reporter-output>
        </test-method> <!-- before -->
        <test-method status="PASS" signature="beforeMethod()[pri:0, instance:org.textboxsuggestion.Flipkart@2c6a3f77]" name="beforeMethod" is-config="true" duration-ms="51" started-at="2023-10-12T16:45:13Z" finished-at="2023-10-12T16:45:13Z">
          <reporter-output>
          </reporter-output>
        </test-method> <!-- beforeMethod -->
        <test-method status="PASS" signature="test1()[pri:0, instance:org.textboxsuggestion.Flipkart@2c6a3f77]" name="test1" duration-ms="7413" started-at="2023-10-12T16:45:13Z" finished-at="2023-10-12T16:45:21Z">
          <reporter-output>
          </reporter-output>
        </test-method> <!-- test1 -->
        <test-method status="PASS" signature="afterMethod()[pri:0, instance:org.textboxsuggestion.Flipkart@2c6a3f77]" name="afterMethod" is-config="true" duration-ms="1" started-at="2023-10-12T16:45:21Z" finished-at="2023-10-12T16:45:21Z">
          <reporter-output>
          </reporter-output>
        </test-method> <!-- afterMethod -->
      </class> <!-- org.textboxsuggestion.Flipkart -->
    </test> <!-- Default test -->
  </suite> <!-- Default suite -->
</testng-results>
